<?xml version="1.0" encoding="UTF-8"?>
<!-- Generated by org.testng.reporters.JUnitReportReporter -->
<testsuite hostname="GRD-LTP-133" failures="0" tests="1" name="com.ABSLI.qa.testcases.rectification.NewBussinessReversaltest" time="42.062" errors="0" timestamp="01 Aug 2024 06:36:27 GMT" skipped="0">
  <testcase classname="com.ABSLI.qa.testcases.rectification.NewBussinessReversaltest" name="reversalnb" time="42.062"/>
</testsuite> <!-- com.ABSLI.qa.testcases.rectification.NewBussinessReversaltest -->
