<?xml version="1.0" encoding="UTF-8"?>
<!-- Generated by org.testng.reporters.JUnitReportReporter -->
<testsuite hostname="GRD-LTP-133" failures="0" tests="1" name="com.ABSLI.qa.testcases.rectification.ReceiptReversaltest" time="46.014" errors="0" timestamp="05 Aug 2024 11:38:18 GMT" skipped="0">
  <testcase classname="com.ABSLI.qa.testcases.rectification.ReceiptReversaltest" name="receiptreversal" time="46.014"/>
</testsuite> <!-- com.ABSLI.qa.testcases.rectification.ReceiptReversaltest -->
