<?xml version="1.0" encoding="UTF-8"?>
<!-- Generated by org.testng.reporters.JUnitReportReporter -->
<testsuite hostname="GRD-LTP-133" failures="0" tests="1" name="com.ABSLI.qa.testcases.Newbusiness.VoluntaryMemberUploadtest" time="48.734" errors="0" timestamp="08 Jul 2024 11:06:43 GMT" skipped="0">
  <testcase classname="com.ABSLI.qa.testcases.Newbusiness.VoluntaryMemberUploadtest" name="Voluntryaddmember" time="48.734"/>
</testsuite> <!-- com.ABSLI.qa.testcases.Newbusiness.VoluntaryMemberUploadtest -->
