<?xml version="1.0" encoding="UTF-8"?>
<!-- Generated by org.testng.reporters.JUnitReportReporter -->
<testsuite hostname="GRD-LTP-133" failures="0" tests="1" name="com.ABSLI.qa.testcases.ClaimsRegistrationpageTest" time="18.955" errors="0" timestamp="25 Jun 2024 04:47:31 GMT" skipped="0">
  <testcase classname="com.ABSLI.qa.testcases.ClaimsRegistrationpageTest" name="RegistrationTest" time="18.955"/>
</testsuite> <!-- com.ABSLI.qa.testcases.ClaimsRegistrationpageTest -->
