<?xml version="1.0" encoding="UTF-8"?>
<!-- Generated by org.testng.reporters.JUnitReportReporter -->
<testsuite hostname="GRD-LTP-133" failures="0" tests="1" name="com.ABSLI.qa.testcases.LoginpageTest" time="22.384" errors="0" timestamp="04 May 2024 09:08:51 GMT" skipped="0">
  <testcase classname="com.ABSLI.qa.testcases.LoginpageTest" name="logintest" time="22.384"/>
</testsuite> <!-- com.ABSLI.qa.testcases.LoginpageTest -->
