<?xml version="1.0" encoding="UTF-8"?>
<!-- Generated by org.testng.reporters.JUnitReportReporter -->
<testsuite hostname="GRD-LTP-133" failures="0" tests="2" name="com.ABSLI.qa.testcases.ClaimsRegistrationpageTest" time="57.688" errors="0" timestamp="09 May 2024 12:34:48 GMT" skipped="0">
  <testcase classname="com.ABSLI.qa.testcases.ClaimsRegistrationpageTest" name="logintest" time="9.548"/>
  <testcase classname="com.ABSLI.qa.testcases.ClaimsRegistrationpageTest" name="RegistrationTest" time="48.140"/>
</testsuite> <!-- com.ABSLI.qa.testcases.ClaimsRegistrationpageTest -->
