<?xml version="1.0" encoding="UTF-8"?>
<!-- Generated by org.testng.reporters.JUnitReportReporter -->
<testsuite hostname="GRD-LTP-133" failures="0" tests="1" name="com.ABSLI.qa.testcases.LoginpageTest" time="19.124" errors="0" timestamp="24 Jun 2024 14:43:37 GMT" skipped="0">
  <testcase classname="com.ABSLI.qa.testcases.LoginpageTest" name="logintest" time="19.124"/>
</testsuite> <!-- com.ABSLI.qa.testcases.LoginpageTest -->
