<?xml version="1.0" encoding="UTF-8"?>
<!-- Generated by org.testng.reporters.JUnitReportReporter -->
<testsuite hostname="GRD-LTP-133" failures="0" tests="1" name="com.ABSLI.qa.testcases.renewal.RenewalMemberUploadtest" time="45.696" errors="0" timestamp="23 Jul 2024 07:25:37 GMT" skipped="0">
  <testcase classname="com.ABSLI.qa.testcases.renewal.RenewalMemberUploadtest" name="renewaluploaded" time="45.696"/>
</testsuite> <!-- com.ABSLI.qa.testcases.renewal.RenewalMemberUploadtest -->
