<?xml version="1.0" encoding="UTF-8"?>
<!-- Generated by org.testng.reporters.JUnitReportReporter -->
<testsuite hostname="GRD-LTP-133" failures="0" tests="1" name="com.ABSLI.qa.testcases.ProductpageTest" time="4.407" errors="0" timestamp="11 Jun 2024 08:44:00 GMT" skipped="0">
  <testcase classname="com.ABSLI.qa.testcases.ProductpageTest" name="ProductCreation" time="4.407"/>
</testsuite> <!-- com.ABSLI.qa.testcases.ProductpageTest -->
