<?xml version="1.0" encoding="UTF-8"?>
<!-- Generated by org.testng.reporters.JUnitReportReporter -->
<testsuite hostname="GRD-LTP-133" failures="0" tests="1" name="com.ABSLI.qa.testcases.endorsement.NonMonetarytest" time="47.769" errors="0" timestamp="12 Jul 2024 11:04:23 GMT" skipped="0">
  <testcase classname="com.ABSLI.qa.testcases.endorsement.NonMonetarytest" name="monetaryprocess" time="47.769"/>
</testsuite> <!-- com.ABSLI.qa.testcases.endorsement.NonMonetarytest -->
