<?xml version="1.0" encoding="UTF-8"?>
<!-- Generated by org.testng.reporters.JUnitReportReporter -->
<testsuite hostname="GRD-LTP-133" failures="0" tests="1" name="com.ABSLI.qa.testcases.PremiumPageTest" time="27.792" errors="0" timestamp="20 Jun 2024 10:50:23 GMT" skipped="0">
  <testcase classname="com.ABSLI.qa.testcases.PremiumPageTest" name="Createpremium" time="27.792"/>
</testsuite> <!-- com.ABSLI.qa.testcases.PremiumPageTest -->
