<?xml version="1.0" encoding="UTF-8"?>
<!-- Generated by org.testng.reporters.JUnitReportReporter -->
<testsuite hostname="GRD-LTP-133" failures="0" tests="1" name="com.ABSLI.qa.testcases.VariantpageTest" time="52.078" errors="0" timestamp="25 Jun 2024 04:27:21 GMT" skipped="0">
  <testcase classname="com.ABSLI.qa.testcases.VariantpageTest" name="Variantcreation" time="52.078"/>
</testsuite> <!-- com.ABSLI.qa.testcases.VariantpageTest -->
