<?xml version="1.0" encoding="UTF-8"?>
<!-- Generated by org.testng.reporters.JUnitReportReporter -->
<testsuite hostname="GRD-LTP-133" failures="0" tests="1" name="com.ABSLI.qa.testcases.PremiumPaymentFrequencyPagetest" time="10.056" errors="0" timestamp="24 Jun 2024 11:17:47 GMT" skipped="0">
  <testcase classname="com.ABSLI.qa.testcases.PremiumPaymentFrequencyPagetest" name="Createpremiumpayfreq" time="10.056"/>
</testsuite> <!-- com.ABSLI.qa.testcases.PremiumPaymentFrequencyPagetest -->
