<?xml version="1.0" encoding="UTF-8"?>
<!-- Generated by org.testng.reporters.JUnitReportReporter -->
<testsuite hostname="GRD-LTP-133" failures="0" tests="1" name="com.ABSLI.qa.testcases.Newbusiness.MemberUploaadtest" time="70.877" errors="0" timestamp="08 Jul 2024 07:17:24 GMT" skipped="0">
  <testcase classname="com.ABSLI.qa.testcases.Newbusiness.MemberUploaadtest" name="addmember" time="70.877"/>
</testsuite> <!-- com.ABSLI.qa.testcases.Newbusiness.MemberUploaadtest -->
