<?xml version="1.0" encoding="UTF-8"?>
<!-- Generated by org.testng.reporters.JUnitReportReporter -->
<testsuite hostname="GRD-LTP-133" failures="0" tests="2" name="com.ABSLI.qa.testcases.ApprovalpageTest" time="25.536" errors="0" timestamp="15 May 2024 11:35:39 GMT" skipped="0">
  <testcase classname="com.ABSLI.qa.testcases.ApprovalpageTest" name="logintest" time="9.433"/>
  <testcase classname="com.ABSLI.qa.testcases.ApprovalpageTest" name="Approvetest" time="16.103"/>
</testsuite> <!-- com.ABSLI.qa.testcases.ApprovalpageTest -->
