<?xml version="1.0" encoding="UTF-8"?>
<!-- Generated by org.testng.reporters.JUnitReportReporter -->
<testsuite hostname="GRD-LTP-133" failures="0" tests="1" name="com.ABSLI.qa.testcases.endorsement.MemberAdditiontest" time="47.741" errors="0" timestamp="22 Jul 2024 06:09:53 GMT" skipped="0">
  <testcase classname="com.ABSLI.qa.testcases.endorsement.MemberAdditiontest" name="memberaddionprocess" time="47.741"/>
</testsuite> <!-- com.ABSLI.qa.testcases.endorsement.MemberAdditiontest -->
