<?xml version="1.0" encoding="UTF-8"?>
<!-- Generated by org.testng.reporters.JUnitReportReporter -->
<testsuite hostname="GRD-LTP-133" failures="0" tests="1" name="com.ABSLI.qa.testcases.endorsement.DecreaseSumAssuredtest" time="48.222" errors="0" timestamp="12 Jul 2024 10:14:13 GMT" skipped="0">
  <testcase classname="com.ABSLI.qa.testcases.endorsement.DecreaseSumAssuredtest" name="decreasingprocess" time="48.222"/>
</testsuite> <!-- com.ABSLI.qa.testcases.endorsement.DecreaseSumAssuredtest -->
