<?xml version="1.0" encoding="UTF-8"?>
<!-- Generated by org.testng.reporters.JUnitReportReporter -->
<testsuite hostname="GRD-LTP-133" failures="0" tests="2" name="com.ABSLI.qa.testcases.Newbusiness.MemberUploaadtest" time="89.561" errors="0" timestamp="10 Jul 2024 05:33:58 GMT" skipped="0">
  <testcase classname="com.ABSLI.qa.testcases.Newbusiness.MemberUploaadtest" name="addmember" time="50.191"/>
  <testcase classname="com.ABSLI.qa.testcases.Newbusiness.MemberUploaadtest" name="defectdataprocess" time="39.370"/>
</testsuite> <!-- com.ABSLI.qa.testcases.Newbusiness.MemberUploaadtest -->
