<?xml version="1.0" encoding="UTF-8"?>
<!-- Generated by org.testng.reporters.JUnitReportReporter -->
<testsuite hostname="GRD-LTP-133" failures="0" tests="2" name="com.ABSLI.qa.testcases.MasterPolicyGeneralPageTest" time="125.969" errors="0" timestamp="06 May 2024 06:38:11 GMT" skipped="0">
  <testcase classname="com.ABSLI.qa.testcases.MasterPolicyGeneralPageTest" name="logintest" time="9.488"/>
  <testcase classname="com.ABSLI.qa.testcases.MasterPolicyGeneralPageTest" name="masterPolicyMaker" time="116.481"/>
</testsuite> <!-- com.ABSLI.qa.testcases.MasterPolicyGeneralPageTest -->
