<?xml version="1.0" encoding="UTF-8"?>
<!-- Generated by org.testng.reporters.JUnitReportReporter -->
<testsuite hostname="GRD-LTP-133" failures="0" tests="1" name="com.ABSLI.qa.testcases.endorsement.SumAssuredtest" time="46.464" errors="0" timestamp="12 Jul 2024 09:05:21 GMT" skipped="0">
  <testcase classname="com.ABSLI.qa.testcases.endorsement.SumAssuredtest" name="Sumassuredincrease" time="46.464"/>
</testsuite> <!-- com.ABSLI.qa.testcases.endorsement.SumAssuredtest -->
