<?xml version="1.0" encoding="UTF-8"?>
<!-- Generated by org.testng.reporters.JUnitReportReporter -->
<testsuite hostname="GRD-LTP-133" failures="0" tests="1" name="com.ABSLI.qa.testcases.configuration.productsetup.Varianttest" time="51.624" errors="0" timestamp="12 Aug 2024 05:36:02 GMT" skipped="0">
  <testcase classname="com.ABSLI.qa.testcases.configuration.productsetup.Varianttest" name="Variantcreation" time="51.624"/>
</testsuite> <!-- com.ABSLI.qa.testcases.configuration.productsetup.Varianttest -->
