<?xml version="1.0" encoding="UTF-8"?>
<!-- Generated by org.testng.reporters.JUnitReportReporter -->
<testsuite hostname="GRD-LTP-133" failures="0" tests="1" name="com.ABSLI.qa.testcases.ClaimspageTest" time="31.265" errors="0" timestamp="25 Jun 2024 05:25:10 GMT" skipped="0">
  <testcase classname="com.ABSLI.qa.testcases.ClaimspageTest" name="CreateClaims" time="31.265"/>
</testsuite> <!-- com.ABSLI.qa.testcases.ClaimspageTest -->
