<?xml version="1.0" encoding="UTF-8"?>
<!-- Generated by org.testng.reporters.JUnitReportReporter -->
<testsuite hostname="GRD-LTP-133" failures="0" tests="1" name="com.ABSLI.qa.testcases.rectification.NonAnnualReversaltest" time="44.741" errors="0" timestamp="02 Aug 2024 10:49:47 GMT" skipped="0">
  <testcase classname="com.ABSLI.qa.testcases.rectification.NonAnnualReversaltest" name="reversalnonannual" time="44.741"/>
</testsuite> <!-- com.ABSLI.qa.testcases.rectification.NonAnnualReversaltest -->
