<?xml version="1.0" encoding="UTF-8"?>
<!-- Generated by org.testng.reporters.JUnitReportReporter -->
<testsuite hostname="GRD-LTP-133" failures="0" tests="1" name="com.ABSLI.qa.testcases.ClaimsApprovalpageTest" time="49.775" errors="0" timestamp="24 May 2024 11:15:21 GMT" skipped="0">
  <testcase classname="com.ABSLI.qa.testcases.ClaimsApprovalpageTest" name="Approvetest" time="49.775"/>
</testsuite> <!-- com.ABSLI.qa.testcases.ClaimsApprovalpageTest -->
